{"name": "test_sauce_demo_purchase_flow", "status": "broken", "statusDetails": {"message": "selenium.common.exceptions.NoSuchElementException: Message: no such element: Unable to locate element: {\"method\":\"css selector\",\"selector\":\"[data-test=\"product-sort-container]\"}\n  (Session info: chrome=131.0.6778.205); For documentation on this error, please visit: https://www.selenium.dev/documentation/webdriver/troubleshooting/errors#no-such-element-exception\nStacktrace:\n0   chromedriver                        0x0000000100b3b184 cxxbridge1$str$ptr + 3626716\n1   chromedriver                        0x0000000100b339d4 cxxbridge1$str$ptr + 3596076\n2   chromedriver                        0x00000001005a0968 cxxbridge1$string$len + 89228\n3   chromedriver                        0x00000001005e4d50 cxxbridge1$string$len + 368756\n4   chromedriver                        0x000000010061e5b4 cxxbridge1$string$len + 604376\n5   chromedriver                        0x00000001005d9568 cxxbridge1$string$len + 321676\n6   chromedriver                        0x00000001005da1b8 cxxbridge1$string$len + 324828\n7   chromedriver                        0x0000000100b069ac cxxbridge1$str$ptr + 3411716\n8   chromedriver                        0x0000000100b09ccc cxxbridge1$str$ptr + 3424804\n9   chromedriver                        0x0000000100aed86c cxxbridge1$str$ptr + 3308996\n10  chromedriver                        0x0000000100b0a58c cxxbridge1$str$ptr + 3427044\n11  chromedriver                        0x0000000100adf09c cxxbridge1$str$ptr + 3249652\n12  chromedriver                        0x0000000100b244b8 cxxbridge1$str$ptr + 3533328\n13  chromedriver                        0x0000000100b24634 cxxbridge1$str$ptr + 3533708\n14  chromedriver                        0x0000000100b33648 cxxbridge1$str$ptr + 3595168\n15  libsystem_pthread.dylib             0x0000000199ec82e4 _pthread_start + 136\n16  libsystem_pthread.dylib             0x0000000199ec30fc thread_start + 8", "trace": "driver = <selenium.webdriver.chrome.webdriver.WebDriver (session=\"c8e8fbe7fb28f2ee38ae07b7822ec142\")>\n\n    @allure.feature(\"Valid Login and Purchase\")\n    @allure.story(\"Complete Purchase Flow\")\n    def test_sauce_demo_purchase_flow(driver):\n        \"\"\"Test case for the full purchase flow in SauceDemo.\"\"\"\n        automation = SauceDemoAutomation(driver)\n    \n        with allure.step(\"Open SauceDemo website\"):\n            automation.open_website(\"https://www.saucedemo.com/\")\n    \n        with allure.step(\"Log in to SauceDemo\"):\n            automation.login(SAUCEDO_USERNAME, SAUCEDO_PASSWORD)\n    \n        item_ids = [\n            \"add-to-cart-sauce-labs-backpack\",\n            \"add-to-cart-sauce-labs-bike-light\",\n            \"add-to-cart-sauce-labs-fleece-jacket\"\n        ]\n        with allure.step(\"Add items to cart\"):\n            automation.add_items_to_cart(item_ids)\n    \n        with allure.step(\"Filter items by price (low to high)\"):\n>           automation.filter_items()\n\ntests/main.py:36: \n_ _ _ _ _ _ _ _ _ _ _ _ _ _ _ _ _ _ _ _ _ _ _ _ _ _ _ _ _ _ _ _ _ _ _ _ _ _ _ _ _ _ _ _ _ _ _ _ _ _ _ _ _ _ _ _ _ _ _ _ _ _ _ _ \ntests/automation.py:35: in filter_items\n    dropdown = self.driver.find_element(By.CSS_SELECTOR, '[data-test=\"product-sort-container]')\n/Library/Frameworks/Python.framework/Versions/3.12/lib/python3.12/site-packages/selenium/webdriver/remote/webdriver.py:770: in find_element\n    return self.execute(Command.FIND_ELEMENT, {\"using\": by, \"value\": value})[\"value\"]\n/Library/Frameworks/Python.framework/Versions/3.12/lib/python3.12/site-packages/selenium/webdriver/remote/webdriver.py:384: in execute\n    self.error_handler.check_response(response)\n_ _ _ _ _ _ _ _ _ _ _ _ _ _ _ _ _ _ _ _ _ _ _ _ _ _ _ _ _ _ _ _ _ _ _ _ _ _ _ _ _ _ _ _ _ _ _ _ _ _ _ _ _ _ _ _ _ _ _ _ _ _ _ _ \n\nself = <selenium.webdriver.remote.errorhandler.ErrorHandler object at 0x103f70a70>\nresponse = {'status': 404, 'value': '{\"value\":{\"error\":\"no such element\",\"message\":\"no such element: Unable to locate element: {\\...000199ec82e4 _pthread_start + 136\\\\n16  libsystem_pthread.dylib             0x0000000199ec30fc thread_start + 8\\\\n\"}}'}\n\n    def check_response(self, response: Dict[str, Any]) -> None:\n        \"\"\"Checks that a JSON response from the WebDriver does not have an\n        error.\n    \n        :Args:\n         - response - The JSON response from the WebDriver server as a dictionary\n           object.\n    \n        :Raises: If the response contains an error message.\n        \"\"\"\n        status = response.get(\"status\", None)\n        if not status or status == ErrorCode.SUCCESS:\n            return\n        value = None\n        message = response.get(\"message\", \"\")\n        screen: str = response.get(\"screen\", \"\")\n        stacktrace = None\n        if isinstance(status, int):\n            value_json = response.get(\"value\", None)\n            if value_json and isinstance(value_json, str):\n                import json\n    \n                try:\n                    value = json.loads(value_json)\n                    if len(value) == 1:\n                        value = value[\"value\"]\n                    status = value.get(\"error\", None)\n                    if not status:\n                        status = value.get(\"status\", ErrorCode.UNKNOWN_ERROR)\n                        message = value.get(\"value\") or value.get(\"message\")\n                        if not isinstance(message, str):\n                            value = message\n                            message = message.get(\"message\")\n                    else:\n                        message = value.get(\"message\", None)\n                except ValueError:\n                    pass\n    \n        exception_class: Type[WebDriverException]\n        e = ErrorCode()\n        error_codes = [item for item in dir(e) if not item.startswith(\"__\")]\n        for error_code in error_codes:\n            error_info = getattr(ErrorCode, error_code)\n            if isinstance(error_info, list) and status in error_info:\n                exception_class = getattr(ExceptionMapping, error_code, WebDriverException)\n                break\n        else:\n            exception_class = WebDriverException\n    \n        if not value:\n            value = response[\"value\"]\n        if isinstance(value, str):\n            raise exception_class(value)\n        if message == \"\" and \"message\" in value:\n            message = value[\"message\"]\n    \n        screen = None  # type: ignore[assignment]\n        if \"screen\" in value:\n            screen = value[\"screen\"]\n    \n        stacktrace = None\n        st_value = value.get(\"stackTrace\") or value.get(\"stacktrace\")\n        if st_value:\n            if isinstance(st_value, str):\n                stacktrace = st_value.split(\"\\n\")\n            else:\n                stacktrace = []\n                try:\n                    for frame in st_value:\n                        line = frame.get(\"lineNumber\", \"\")\n                        file = frame.get(\"fileName\", \"<anonymous>\")\n                        if line:\n                            file = f\"{file}:{line}\"\n                        meth = frame.get(\"methodName\", \"<anonymous>\")\n                        if \"className\" in frame:\n                            meth = f\"{frame['className']}.{meth}\"\n                        msg = \"    at %s (%s)\"\n                        msg = msg % (meth, file)\n                        stacktrace.append(msg)\n                except TypeError:\n                    pass\n        if exception_class == UnexpectedAlertPresentException:\n            alert_text = None\n            if \"data\" in value:\n                alert_text = value[\"data\"].get(\"text\")\n            elif \"alert\" in value:\n                alert_text = value[\"alert\"].get(\"text\")\n            raise exception_class(message, screen, stacktrace, alert_text)  # type: ignore[call-arg]  # mypy is not smart enough here\n>       raise exception_class(message, screen, stacktrace)\nE       selenium.common.exceptions.NoSuchElementException: Message: no such element: Unable to locate element: {\"method\":\"css selector\",\"selector\":\"[data-test=\"product-sort-container]\"}\nE         (Session info: chrome=131.0.6778.205); For documentation on this error, please visit: https://www.selenium.dev/documentation/webdriver/troubleshooting/errors#no-such-element-exception\nE       Stacktrace:\nE       0   chromedriver                        0x0000000100b3b184 cxxbridge1$str$ptr + 3626716\nE       1   chromedriver                        0x0000000100b339d4 cxxbridge1$str$ptr + 3596076\nE       2   chromedriver                        0x00000001005a0968 cxxbridge1$string$len + 89228\nE       3   chromedriver                        0x00000001005e4d50 cxxbridge1$string$len + 368756\nE       4   chromedriver                        0x000000010061e5b4 cxxbridge1$string$len + 604376\nE       5   chromedriver                        0x00000001005d9568 cxxbridge1$string$len + 321676\nE       6   chromedriver                        0x00000001005da1b8 cxxbridge1$string$len + 324828\nE       7   chromedriver                        0x0000000100b069ac cxxbridge1$str$ptr + 3411716\nE       8   chromedriver                        0x0000000100b09ccc cxxbridge1$str$ptr + 3424804\nE       9   chromedriver                        0x0000000100aed86c cxxbridge1$str$ptr + 3308996\nE       10  chromedriver                        0x0000000100b0a58c cxxbridge1$str$ptr + 3427044\nE       11  chromedriver                        0x0000000100adf09c cxxbridge1$str$ptr + 3249652\nE       12  chromedriver                        0x0000000100b244b8 cxxbridge1$str$ptr + 3533328\nE       13  chromedriver                        0x0000000100b24634 cxxbridge1$str$ptr + 3533708\nE       14  chromedriver                        0x0000000100b33648 cxxbridge1$str$ptr + 3595168\nE       15  libsystem_pthread.dylib             0x0000000199ec82e4 _pthread_start + 136\nE       16  libsystem_pthread.dylib             0x0000000199ec30fc thread_start + 8\n\n/Library/Frameworks/Python.framework/Versions/3.12/lib/python3.12/site-packages/selenium/webdriver/remote/errorhandler.py:232: NoSuchElementException"}, "description": "Test case for the full purchase flow in SauceDemo.", "steps": [{"name": "Open SauceDemo website", "status": "passed", "steps": [{"name": "Open website: 'https://www.saucedemo.com/'", "status": "passed", "parameters": [{"name": "url", "value": "'https://www.saucedemo.com/'"}], "start": 1736041760024, "stop": 1736041761541}], "start": 1736041760024, "stop": 1736041761541}, {"name": "Log in to SauceDemo", "status": "passed", "steps": [{"name": "Login with username: 'standard_user' and password: 'secret_sauce'", "status": "passed", "parameters": [{"name": "username", "value": "'standard_user'"}, {"name": "password", "value": "'secret_sauce'"}], "start": 1736041761541, "stop": 1736041761821}], "start": 1736041761541, "stop": 1736041761821}, {"name": "Add items to cart", "status": "passed", "steps": [{"name": "Add items to cart: ['add-to-cart-sauce-labs-backpack', 'add-to-cart-sauce-labs-bike-light', 'add-to-cart-sauce-labs-fleece-jacket']", "status": "passed", "parameters": [{"name": "item_ids", "value": "['add-to-cart-sauce-labs-backpack', 'add-to-cart-sauce-labs-bike-light', 'add-to-cart-sauce-labs-fleece-jacket']"}], "start": 1736041761821, "stop": 1736041761928}], "start": 1736041761821, "stop": 1736041761928}, {"name": "Filter items by price (low to high)", "status": "broken", "statusDetails": {"message": "selenium.common.exceptions.NoSuchElementException: Message: no such element: Unable to locate element: {\"method\":\"css selector\",\"selector\":\"[data-test=\"product-sort-container]\"}\n  (Session info: chrome=131.0.6778.205); For documentation on this error, please visit: https://www.selenium.dev/documentation/webdriver/troubleshooting/errors#no-such-element-exception\nStacktrace:\n0   chromedriver                        0x0000000100b3b184 cxxbridge1$str$ptr + 3626716\n1   chromedriver                        0x0000000100b339d4 cxxbridge1$str$ptr + 3596076\n2   chromedriver                        0x00000001005a0968 cxxbridge1$string$len + 89228\n3   chromedriver                        0x00000001005e4d50 cxxbridge1$string$len + 368756\n4   chromedriver                        0x000000010061e5b4 cxxbridge1$string$len + 604376\n5   chromedriver                        0x00000001005d9568 cxxbridge1$string$len + 321676\n6   chromedriver                        0x00000001005da1b8 cxxbridge1$string$len + 324828\n7   chromedriver                        0x0000000100b069ac cxxbridge1$str$ptr + 3411716\n8   chromedriver                        0x0000000100b09ccc cxxbridge1$str$ptr + 3424804\n9   chromedriver                        0x0000000100aed86c cxxbridge1$str$ptr + 3308996\n10  chromedriver                        0x0000000100b0a58c cxxbridge1$str$ptr + 3427044\n11  chromedriver                        0x0000000100adf09c cxxbridge1$str$ptr + 3249652\n12  chromedriver                        0x0000000100b244b8 cxxbridge1$str$ptr + 3533328\n13  chromedriver                        0x0000000100b24634 cxxbridge1$str$ptr + 3533708\n14  chromedriver                        0x0000000100b33648 cxxbridge1$str$ptr + 3595168\n15  libsystem_pthread.dylib             0x0000000199ec82e4 _pthread_start + 136\n16  libsystem_pthread.dylib             0x0000000199ec30fc thread_start + 8\n\n", "trace": "  File \"/Users/eitanpeles/Documents/Python/saucedemo/tests/main.py\", line 36, in test_sauce_demo_purchase_flow\n    automation.filter_items()\n  File \"/Library/Frameworks/Python.framework/Versions/3.12/lib/python3.12/site-packages/allure_commons/_allure.py\", line 192, in impl\n    return func(*a, **kw)\n           ^^^^^^^^^^^^^^\n  File \"/Users/eitanpeles/Documents/Python/saucedemo/tests/automation.py\", line 35, in filter_items\n    dropdown = self.driver.find_element(By.CSS_SELECTOR, '[data-test=\"product-sort-container]')\n           ^^^^^^^^^^^^^^^^^^^^^^^^^^^^^^^^^^^^^^^^^^^^^^^^^^^^^^^^^^^^^^^^^^^^^^^^^^^^^^^^\n  File \"/Library/Frameworks/Python.framework/Versions/3.12/lib/python3.12/site-packages/selenium/webdriver/remote/webdriver.py\", line 770, in find_element\n    return self.execute(Command.FIND_ELEMENT, {\"using\": by, \"value\": value})[\"value\"]\n           ^^^^^^^^^^^^^^^^^^^^^^^^^^^^^^^^^^^^^^^^^^^^^^^^^^^^^^^^^^^^^^^^^\n  File \"/Library/Frameworks/Python.framework/Versions/3.12/lib/python3.12/site-packages/selenium/webdriver/remote/webdriver.py\", line 384, in execute\n    self.error_handler.check_response(response)\n  File \"/Library/Frameworks/Python.framework/Versions/3.12/lib/python3.12/site-packages/selenium/webdriver/remote/errorhandler.py\", line 232, in check_response\n    raise exception_class(message, screen, stacktrace)\n"}, "steps": [{"name": "Filter items by price (low to high)", "status": "broken", "statusDetails": {"message": "selenium.common.exceptions.NoSuchElementException: Message: no such element: Unable to locate element: {\"method\":\"css selector\",\"selector\":\"[data-test=\"product-sort-container]\"}\n  (Session info: chrome=131.0.6778.205); For documentation on this error, please visit: https://www.selenium.dev/documentation/webdriver/troubleshooting/errors#no-such-element-exception\nStacktrace:\n0   chromedriver                        0x0000000100b3b184 cxxbridge1$str$ptr + 3626716\n1   chromedriver                        0x0000000100b339d4 cxxbridge1$str$ptr + 3596076\n2   chromedriver                        0x00000001005a0968 cxxbridge1$string$len + 89228\n3   chromedriver                        0x00000001005e4d50 cxxbridge1$string$len + 368756\n4   chromedriver                        0x000000010061e5b4 cxxbridge1$string$len + 604376\n5   chromedriver                        0x00000001005d9568 cxxbridge1$string$len + 321676\n6   chromedriver                        0x00000001005da1b8 cxxbridge1$string$len + 324828\n7   chromedriver                        0x0000000100b069ac cxxbridge1$str$ptr + 3411716\n8   chromedriver                        0x0000000100b09ccc cxxbridge1$str$ptr + 3424804\n9   chromedriver                        0x0000000100aed86c cxxbridge1$str$ptr + 3308996\n10  chromedriver                        0x0000000100b0a58c cxxbridge1$str$ptr + 3427044\n11  chromedriver                        0x0000000100adf09c cxxbridge1$str$ptr + 3249652\n12  chromedriver                        0x0000000100b244b8 cxxbridge1$str$ptr + 3533328\n13  chromedriver                        0x0000000100b24634 cxxbridge1$str$ptr + 3533708\n14  chromedriver                        0x0000000100b33648 cxxbridge1$str$ptr + 3595168\n15  libsystem_pthread.dylib             0x0000000199ec82e4 _pthread_start + 136\n16  libsystem_pthread.dylib             0x0000000199ec30fc thread_start + 8\n\n", "trace": "  File \"/Library/Frameworks/Python.framework/Versions/3.12/lib/python3.12/site-packages/allure_commons/_allure.py\", line 192, in impl\n    return func(*a, **kw)\n           ^^^^^^^^^^^^^^\n  File \"/Users/eitanpeles/Documents/Python/saucedemo/tests/automation.py\", line 35, in filter_items\n    dropdown = self.driver.find_element(By.CSS_SELECTOR, '[data-test=\"product-sort-container]')\n           ^^^^^^^^^^^^^^^^^^^^^^^^^^^^^^^^^^^^^^^^^^^^^^^^^^^^^^^^^^^^^^^^^^^^^^^^^^^^^^^^\n  File \"/Library/Frameworks/Python.framework/Versions/3.12/lib/python3.12/site-packages/selenium/webdriver/remote/webdriver.py\", line 770, in find_element\n    return self.execute(Command.FIND_ELEMENT, {\"using\": by, \"value\": value})[\"value\"]\n           ^^^^^^^^^^^^^^^^^^^^^^^^^^^^^^^^^^^^^^^^^^^^^^^^^^^^^^^^^^^^^^^^^\n  File \"/Library/Frameworks/Python.framework/Versions/3.12/lib/python3.12/site-packages/selenium/webdriver/remote/webdriver.py\", line 384, in execute\n    self.error_handler.check_response(response)\n  File \"/Library/Frameworks/Python.framework/Versions/3.12/lib/python3.12/site-packages/selenium/webdriver/remote/errorhandler.py\", line 232, in check_response\n    raise exception_class(message, screen, stacktrace)\n"}, "start": 1736041761928, "stop": 1736041761932}], "start": 1736041761928, "stop": 1736041761935}], "start": 1736041760024, "stop": 1736041761936, "uuid": "e0cbc7a6-d470-4cde-aafe-9701bb01d7bf", "historyId": "6bc0ae4db331db09d9b046eaa360930b", "testCaseId": "6bc0ae4db331db09d9b046eaa360930b", "fullName": "tests.main#test_sauce_demo_purchase_flow", "labels": [{"name": "story", "value": "Complete Purchase Flow"}, {"name": "feature", "value": "Valid Login and Purchase"}, {"name": "parentSuite", "value": "tests"}, {"name": "suite", "value": "main"}, {"name": "host", "value": "Eitan-Peles-MacBook-Pro.local"}, {"name": "thread", "value": "25272-MainThread"}, {"name": "framework", "value": "pytest"}, {"name": "language", "value": "cpython3"}, {"name": "package", "value": "tests.main"}]}